\BOOKMARK [1][-]{Item.8}{Wykaz wazniejszych oznaczen i skr\363t\363w}{}% 1
\BOOKMARK [1][-]{section.1}{Podstawy algebraiczne}{}% 2
\BOOKMARK [2][-]{subsection.1.1}{Przestrzen Hilberta}{section.1}% 3
\BOOKMARK [3][-]{subsubsection.1.1.1}{Baza kanoniczna}{subsection.1.1}% 4
\BOOKMARK [3][-]{subsubsection.1.1.2}{Wsp\363\233czynniki wektora w bazie ortonormalnej}{subsection.1.1}% 5
\BOOKMARK [3][-]{subsubsection.1.1.3}{Iloczyn skalarny \205 r\363wnowazne podejscie}{subsection.1.1}% 6
\BOOKMARK [3][-]{subsubsection.1.1.4}{Przestrzen sprzezona}{subsection.1.1}% 7
\BOOKMARK [3][-]{subsubsection.1.1.5}{Podstawowe bazy}{subsection.1.1}% 8
\BOOKMARK [2][-]{subsection.1.2}{Przestrzen Hilberta-Schmidta}{section.1}% 9
\BOOKMARK [3][-]{subsubsection.1.2.1}{Elementy macierzowe, slad, komutator}{subsection.1.2}% 10
\BOOKMARK [3][-]{subsubsection.1.2.2}{Operatory hermitowskie}{subsection.1.2}% 11
\BOOKMARK [3][-]{subsubsection.1.2.3}{Operatory dodatnio okreslone}{subsection.1.2}% 12
\BOOKMARK [2][-]{subsection.1.3}{Iloczyn tensorowy}{section.1}% 13
\BOOKMARK [3][-]{subsubsection.1.3.1}{Definicja og\363lna}{subsection.1.3}% 14
\BOOKMARK [3][-]{subsubsection.1.3.2}{Iloczyn tensorowy w przestrzeniach o skonczonym wymiarze}{subsection.1.3}% 15
\BOOKMARK [2][-]{subsection.1.4}{Twierdzenie spektralne}{section.1}% 16
\BOOKMARK [3][-]{subsubsection.1.4.1}{Projektory}{subsection.1.4}% 17
\BOOKMARK [3][-]{subsubsection.1.4.2}{Rozk\233ad spektralny}{subsection.1.4}% 18
\BOOKMARK [2][-]{subsection.1.5}{Operatory binarne i operatory von Neumanna}{section.1}% 19
\BOOKMARK [3][-]{subsubsection.1.5.1}{Operatory binarne}{subsection.1.5}% 20
\BOOKMARK [3][-]{subsubsection.1.5.2}{Macierze Pauliego}{subsection.1.5}% 21
\BOOKMARK [3][-]{subsubsection.1.5.3}{Operatory von Neumanna}{subsection.1.5}% 22
\BOOKMARK [1][-]{section.2}{Wprowadzenie do kwantowej teorii informacji}{}% 23
\BOOKMARK [2][-]{subsection.2.1}{Stany kwantowe}{section.2}% 24
\BOOKMARK [3][-]{subsubsection.2.1.1}{Uk\233ady pojedyncze}{subsection.2.1}% 25
\BOOKMARK [3][-]{subsubsection.2.1.2}{Uk\233ady z\233ozone}{subsection.2.1}% 26
\BOOKMARK [2][-]{subsection.2.2}{Separowalnosc macierzy gestosci}{section.2}% 27
\BOOKMARK [1][-]{section.3}{Wprowadzenie do programowania p\363\233okreslonego}{}% 28
\BOOKMARK [1][-]{placeholder.67}{Wykaz literatury}{}% 29
\BOOKMARK [1][-]{placeholder.67}{Wykaz rysunk\363w}{}% 30
\BOOKMARK [1][-]{placeholder.67}{Wykaz tabel}{}% 31
